  test.cpp
C:\Users\22242\OneDrive\桌面\Reservation System\Main code\packages\Microsoft.googletest.v140.windesktop.msvcstl.static.rt-dyn.1.8.1.5\build\native\include\gtest\internal\gtest-port.h(1514,3): warning C4566: character represented by universal-character-name '\u684C' cannot be represented in the current code page (1252)
C:\Users\22242\OneDrive\桌面\Reservation System\Main code\packages\Microsoft.googletest.v140.windesktop.msvcstl.static.rt-dyn.1.8.1.5\build\native\include\gtest\internal\gtest-port.h(1514,3): warning C4566: character represented by universal-character-name '\u9762' cannot be represented in the current code page (1252)
C:\Users\22242\OneDrive\桌面\Reservation System\Main code\packages\Microsoft.googletest.v140.windesktop.msvcstl.static.rt-dyn.1.8.1.5\build\native\include\gtest\internal\gtest-port.h(1527,3): warning C4566: character represented by universal-character-name '\u684C' cannot be represented in the current code page (1252)
C:\Users\22242\OneDrive\桌面\Reservation System\Main code\packages\Microsoft.googletest.v140.windesktop.msvcstl.static.rt-dyn.1.8.1.5\build\native\include\gtest\internal\gtest-port.h(1527,3): warning C4566: character represented by universal-character-name '\u9762' cannot be represented in the current code page (1252)
C:\Users\22242\OneDrive\桌面\Reservation System\Main code\packages\Microsoft.googletest.v140.windesktop.msvcstl.static.rt-dyn.1.8.1.5\build\native\include\gtest\internal\gtest-internal.h(567,5): warning C4566: character represented by universal-character-name '\u684C' cannot be represented in the current code page (1252)
C:\Users\22242\OneDrive\桌面\Reservation System\Main code\packages\Microsoft.googletest.v140.windesktop.msvcstl.static.rt-dyn.1.8.1.5\build\native\include\gtest\internal\gtest-internal.h(567,5): warning C4566: character represented by universal-character-name '\u9762' cannot be represented in the current code page (1252)
C:\Users\22242\OneDrive\桌面\Reservation System\Main code\packages\Microsoft.googletest.v140.windesktop.msvcstl.static.rt-dyn.1.8.1.5\build\native\include\gtest\internal\gtest-param-util.h(239,7): warning C4566: character represented by universal-character-name '\u684C' cannot be represented in the current code page (1252)
C:\Users\22242\OneDrive\桌面\Reservation System\Main code\packages\Microsoft.googletest.v140.windesktop.msvcstl.static.rt-dyn.1.8.1.5\build\native\include\gtest\internal\gtest-param-util.h(239,7): warning C4566: character represented by universal-character-name '\u9762' cannot be represented in the current code page (1252)
C:\Users\22242\OneDrive\桌面\Reservation System\Main code\packages\Microsoft.googletest.v140.windesktop.msvcstl.static.rt-dyn.1.8.1.5\build\native\include\gtest\internal\gtest-param-util.h(337,7): warning C4566: character represented by universal-character-name '\u684C' cannot be represented in the current code page (1252)
C:\Users\22242\OneDrive\桌面\Reservation System\Main code\packages\Microsoft.googletest.v140.windesktop.msvcstl.static.rt-dyn.1.8.1.5\build\native\include\gtest\internal\gtest-param-util.h(337,7): warning C4566: character represented by universal-character-name '\u9762' cannot be represented in the current code page (1252)
C:\Users\22242\OneDrive\桌面\Reservation System\Main code\packages\Microsoft.googletest.v140.windesktop.msvcstl.static.rt-dyn.1.8.1.5\build\native\include\gtest\internal\gtest-param-util.h(569,11): warning C4566: character represented by universal-character-name '\u684C' cannot be represented in the current code page (1252)
C:\Users\22242\OneDrive\桌面\Reservation System\Main code\packages\Microsoft.googletest.v140.windesktop.msvcstl.static.rt-dyn.1.8.1.5\build\native\include\gtest\internal\gtest-param-util.h(569,11): warning C4566: character represented by universal-character-name '\u9762' cannot be represented in the current code page (1252)
C:\Users\22242\OneDrive\桌面\Reservation System\Main code\packages\Microsoft.googletest.v140.windesktop.msvcstl.static.rt-dyn.1.8.1.5\build\native\include\gtest\internal\gtest-param-util.h(574,11): warning C4566: character represented by universal-character-name '\u684C' cannot be represented in the current code page (1252)
C:\Users\22242\OneDrive\桌面\Reservation System\Main code\packages\Microsoft.googletest.v140.windesktop.msvcstl.static.rt-dyn.1.8.1.5\build\native\include\gtest\internal\gtest-param-util.h(574,11): warning C4566: character represented by universal-character-name '\u9762' cannot be represented in the current code page (1252)
C:\Users\22242\OneDrive\桌面\Reservation System\Main code\packages\Microsoft.googletest.v140.windesktop.msvcstl.static.rt-dyn.1.8.1.5\build\native\include\gtest\internal\gtest-param-util-generated.h(3623,7): warning C4566: character represented by universal-character-name '\u684C' cannot be represented in the current code page (1252)
C:\Users\22242\OneDrive\桌面\Reservation System\Main code\packages\Microsoft.googletest.v140.windesktop.msvcstl.static.rt-dyn.1.8.1.5\build\native\include\gtest\internal\gtest-param-util-generated.h(3623,7): warning C4566: character represented by universal-character-name '\u9762' cannot be represented in the current code page (1252)
C:\Users\22242\OneDrive\桌面\Reservation System\Main code\packages\Microsoft.googletest.v140.windesktop.msvcstl.static.rt-dyn.1.8.1.5\build\native\include\gtest\internal\gtest-param-util-generated.h(3746,7): warning C4566: character represented by universal-character-name '\u684C' cannot be represented in the current code page (1252)
C:\Users\22242\OneDrive\桌面\Reservation System\Main code\packages\Microsoft.googletest.v140.windesktop.msvcstl.static.rt-dyn.1.8.1.5\build\native\include\gtest\internal\gtest-param-util-generated.h(3746,7): warning C4566: character represented by universal-character-name '\u9762' cannot be represented in the current code page (1252)
C:\Users\22242\OneDrive\桌面\Reservation System\Main code\packages\Microsoft.googletest.v140.windesktop.msvcstl.static.rt-dyn.1.8.1.5\build\native\include\gtest\internal\gtest-param-util-generated.h(3887,7): warning C4566: character represented by universal-character-name '\u684C' cannot be represented in the current code page (1252)
C:\Users\22242\OneDrive\桌面\Reservation System\Main code\packages\Microsoft.googletest.v140.windesktop.msvcstl.static.rt-dyn.1.8.1.5\build\native\include\gtest\internal\gtest-param-util-generated.h(3887,7): warning C4566: character represented by universal-character-name '\u9762' cannot be represented in the current code page (1252)
C:\Users\22242\OneDrive\桌面\Reservation System\Main code\packages\Microsoft.googletest.v140.windesktop.msvcstl.static.rt-dyn.1.8.1.5\build\native\include\gtest\internal\gtest-param-util-generated.h(4045,7): warning C4566: character represented by universal-character-name '\u684C' cannot be represented in the current code page (1252)
C:\Users\22242\OneDrive\桌面\Reservation System\Main code\packages\Microsoft.googletest.v140.windesktop.msvcstl.static.rt-dyn.1.8.1.5\build\native\include\gtest\internal\gtest-param-util-generated.h(4045,7): warning C4566: character represented by universal-character-name '\u9762' cannot be represented in the current code page (1252)
C:\Users\22242\OneDrive\桌面\Reservation System\Main code\packages\Microsoft.googletest.v140.windesktop.msvcstl.static.rt-dyn.1.8.1.5\build\native\include\gtest\internal\gtest-param-util-generated.h(4222,7): warning C4566: character represented by universal-character-name '\u684C' cannot be represented in the current code page (1252)
C:\Users\22242\OneDrive\桌面\Reservation System\Main code\packages\Microsoft.googletest.v140.windesktop.msvcstl.static.rt-dyn.1.8.1.5\build\native\include\gtest\internal\gtest-param-util-generated.h(4222,7): warning C4566: character represented by universal-character-name '\u9762' cannot be represented in the current code page (1252)
C:\Users\22242\OneDrive\桌面\Reservation System\Main code\packages\Microsoft.googletest.v140.windesktop.msvcstl.static.rt-dyn.1.8.1.5\build\native\include\gtest\internal\gtest-param-util-generated.h(4416,7): warning C4566: character represented by universal-character-name '\u684C' cannot be represented in the current code page (1252)
C:\Users\22242\OneDrive\桌面\Reservation System\Main code\packages\Microsoft.googletest.v140.windesktop.msvcstl.static.rt-dyn.1.8.1.5\build\native\include\gtest\internal\gtest-param-util-generated.h(4416,7): warning C4566: character represented by universal-character-name '\u9762' cannot be represented in the current code page (1252)
C:\Users\22242\OneDrive\桌面\Reservation System\Main code\packages\Microsoft.googletest.v140.windesktop.msvcstl.static.rt-dyn.1.8.1.5\build\native\include\gtest\internal\gtest-param-util-generated.h(4629,7): warning C4566: character represented by universal-character-name '\u684C' cannot be represented in the current code page (1252)
C:\Users\22242\OneDrive\桌面\Reservation System\Main code\packages\Microsoft.googletest.v140.windesktop.msvcstl.static.rt-dyn.1.8.1.5\build\native\include\gtest\internal\gtest-param-util-generated.h(4629,7): warning C4566: character represented by universal-character-name '\u9762' cannot be represented in the current code page (1252)
C:\Users\22242\OneDrive\桌面\Reservation System\Main code\packages\Microsoft.googletest.v140.windesktop.msvcstl.static.rt-dyn.1.8.1.5\build\native\include\gtest\internal\gtest-param-util-generated.h(4858,7): warning C4566: character represented by universal-character-name '\u684C' cannot be represented in the current code page (1252)
C:\Users\22242\OneDrive\桌面\Reservation System\Main code\packages\Microsoft.googletest.v140.windesktop.msvcstl.static.rt-dyn.1.8.1.5\build\native\include\gtest\internal\gtest-param-util-generated.h(4858,7): warning C4566: character represented by universal-character-name '\u9762' cannot be represented in the current code page (1252)
C:\Users\22242\OneDrive\桌面\Reservation System\Main code\packages\Microsoft.googletest.v140.windesktop.msvcstl.static.rt-dyn.1.8.1.5\build\native\include\gtest\internal\gtest-param-util-generated.h(5105,7): warning C4566: character represented by universal-character-name '\u684C' cannot be represented in the current code page (1252)
C:\Users\22242\OneDrive\桌面\Reservation System\Main code\packages\Microsoft.googletest.v140.windesktop.msvcstl.static.rt-dyn.1.8.1.5\build\native\include\gtest\internal\gtest-param-util-generated.h(5105,7): warning C4566: character represented by universal-character-name '\u9762' cannot be represented in the current code page (1252)
C:\Users\22242\OneDrive\桌面\Reservation System\Main code\packages\Microsoft.googletest.v140.windesktop.msvcstl.static.rt-dyn.1.8.1.5\build\native\include\gtest\gtest.h(1806,5): warning C4566: character represented by universal-character-name '\u684C' cannot be represented in the current code page (1252)
C:\Users\22242\OneDrive\桌面\Reservation System\Main code\packages\Microsoft.googletest.v140.windesktop.msvcstl.static.rt-dyn.1.8.1.5\build\native\include\gtest\gtest.h(1806,5): warning C4566: character represented by universal-character-name '\u9762' cannot be represented in the current code page (1252)
C:\Users\22242\OneDrive\桌面\Reservation System\Main code\RS_Test\test.cpp(8,1): warning C4566: character represented by universal-character-name '\u684C' cannot be represented in the current code page (1252)
C:\Users\22242\OneDrive\桌面\Reservation System\Main code\RS_Test\test.cpp(8,1): warning C4566: character represented by universal-character-name '\u9762' cannot be represented in the current code page (1252)
C:\Users\22242\OneDrive\桌面\Reservation System\Main code\RS_Test\test.cpp(12,2): warning C4566: character represented by universal-character-name '\u684C' cannot be represented in the current code page (1252)
C:\Users\22242\OneDrive\桌面\Reservation System\Main code\RS_Test\test.cpp(12,2): warning C4566: character represented by universal-character-name '\u9762' cannot be represented in the current code page (1252)
C:\Users\22242\OneDrive\桌面\Reservation System\Main code\RS_Test\test.cpp(13,2): warning C4566: character represented by universal-character-name '\u684C' cannot be represented in the current code page (1252)
C:\Users\22242\OneDrive\桌面\Reservation System\Main code\RS_Test\test.cpp(13,2): warning C4566: character represented by universal-character-name '\u9762' cannot be represented in the current code page (1252)
test.obj : error LNK2019: unresolved external symbol "public: __cdecl Boss::Boss(int,class std::basic_string<char,struct std::char_traits<char>,class std::allocator<char> >,class std::basic_string<char,struct std::char_traits<char>,class std::allocator<char> >)" (??0Boss@@QEAA@HV?$basic_string@DU?$char_traits@D@std@@V?$allocator@D@2@@std@@0@Z) referenced in function "private: virtual void __cdecl TestCaseName_TestName_Test::TestBody(void)" (?TestBody@TestCaseName_TestName_Test@@EEAAXXZ)
C:\Users\22242\OneDrive\桌面\Reservation System\Main code\x64\Debug\RS_Test.exe : fatal error LNK1120: 1 unresolved externals
